<?xml version="1.0" encoding="UTF-8"?>
<testng-results ignored="0" total="1" passed="1" failed="0" skipped="0">
  <reporter-output>
  </reporter-output>
  <suite started-at="2019-07-04T23:29:18Z" name="Default suite" finished-at="2019-07-04T23:31:00Z" duration-ms="102587">
    <groups>
    </groups>
    <test started-at="2019-07-04T23:29:18Z" name="Default test" finished-at="2019-07-04T23:31:00Z" duration-ms="102587">
      <class name="com.game.test.RandomPlayer_TC001">
        <test-method is-config="true" signature="beforeClass()[pri:0, instance:com.game.test.RandomPlayer_TC001@201b6b6f]" started-at="2019-07-04T23:29:18Z" name="beforeClass" finished-at="2019-07-04T23:29:46Z" duration-ms="28624" status="PASS">
          <reporter-output>
          </reporter-output>
        </test-method> <!-- beforeClass -->
        <test-method signature="RandomPlayer_TestCase001()[pri:0, instance:com.game.test.RandomPlayer_TC001@201b6b6f]" started-at="2019-07-04T23:29:46Z" name="RandomPlayer_TestCase001" finished-at="2019-07-04T23:31:00Z" duration-ms="73894" status="PASS">
          <reporter-output>
          </reporter-output>
        </test-method> <!-- RandomPlayer_TestCase001 -->
      </class> <!-- com.game.test.RandomPlayer_TC001 -->
    </test> <!-- Default test -->
  </suite> <!-- Default suite -->
</testng-results>
